{
  "stats": {
    "suites": 12,
    "tests": 41,
    "passes": 27,
    "pending": 0,
    "failures": 14,
    "start": "2021-07-09T01:11:57.837Z",
    "end": "2021-07-09T01:13:43.505Z",
    "duration": 105668,
    "testsRegistered": 41,
    "passPercent": 65.85365853658537,
    "pendingPercent": 0,
    "other": 0,
    "hasOther": false,
    "skipped": 0,
    "hasSkipped": false
  },
  "results": [
    {
      "uuid": "42d66d36-1cd1-4a3e-8894-05208c757753",
      "title": "",
      "fullFile": "cypress/integration/project.spec.js",
      "file": "cypress/integration/project.spec.js",
      "beforeHooks": [],
      "afterHooks": [],
      "tests": [],
      "suites": [
        {
          "uuid": "0b6cee95-ec17-4db0-b09c-70b5f904593a",
          "title": "1 - Adicione à página o título \"Paleta de Cores\".",
          "fullFile": "",
          "file": "",
          "beforeHooks": [],
          "afterHooks": [],
          "tests": [
            {
              "title": "Verifica se contém um elemento `h1` com o id `title` com o título correto",
              "fullTitle": "1 - Adicione à página o título \"Paleta de Cores\". Verifica se contém um elemento `h1` com o id `title` com o título correto",
              "timedOut": null,
              "duration": 556,
              "state": "passed",
              "speed": "slow",
              "pass": true,
              "fail": false,
              "pending": false,
              "context": null,
              "code": "cy.get('h1#title').should('contain.text', 'Paleta de Cores');",
              "err": {},
              "uuid": "91b484fb-b817-4191-8f56-c01b798e4f59",
              "parentUUID": "0b6cee95-ec17-4db0-b09c-70b5f904593a",
              "isHook": false,
              "skipped": false
            }
          ],
          "suites": [],
          "passes": [
            "91b484fb-b817-4191-8f56-c01b798e4f59"
          ],
          "failures": [],
          "pending": [],
          "skipped": [],
          "duration": 556,
          "root": false,
          "rootEmpty": false,
          "_timeout": 2000
        },
        {
          "uuid": "2a93f9dc-cc0b-41fb-a00f-d1ea82cf56a4",
          "title": "2 - Adicione à página uma paleta de quatro cores distintas.",
          "fullFile": "",
          "file": "",
          "beforeHooks": [],
          "afterHooks": [],
          "tests": [
            {
              "title": "A paleta de cores deve ser um elemento com `id` denominado `color-palette`",
              "fullTitle": "2 - Adicione à página uma paleta de quatro cores distintas. A paleta de cores deve ser um elemento com `id` denominado `color-palette`",
              "timedOut": null,
              "duration": 187,
              "state": "passed",
              "speed": "slow",
              "pass": true,
              "fail": false,
              "pending": false,
              "context": null,
              "code": "cy.get('#color-palette').should('be.visible');",
              "err": {},
              "uuid": "11e68848-8c3b-4f11-823c-9c4647c7c4d5",
              "parentUUID": "2a93f9dc-cc0b-41fb-a00f-d1ea82cf56a4",
              "isHook": false,
              "skipped": false
            },
            {
              "title": "Verifica se cada cor individual da paleta de cores possui a `classe` chamada `color`.",
              "fullTitle": "2 - Adicione à página uma paleta de quatro cores distintas. Verifica se cada cor individual da paleta de cores possui a `classe` chamada `color`.",
              "timedOut": null,
              "duration": 189,
              "state": "passed",
              "speed": "slow",
              "pass": true,
              "fail": false,
              "pending": false,
              "context": null,
              "code": "cy.get('.color').should('have.length', 4).then(function (colors) {\n  for (var i = 0; i < colors.length; i++) {\n    cy.wrap(colors[i]).should('be.visible');\n  }\n});",
              "err": {},
              "uuid": "21c956b5-7a7e-41ff-b117-83c3f0b61c34",
              "parentUUID": "2a93f9dc-cc0b-41fb-a00f-d1ea82cf56a4",
              "isHook": false,
              "skipped": false
            },
            {
              "title": "Verifica se a cor de fundo de cada elemento da paleta é a cor que o elemento representa. **A única cor não permitida na paleta é a cor branca.**",
              "fullTitle": "2 - Adicione à página uma paleta de quatro cores distintas. Verifica se a cor de fundo de cada elemento da paleta é a cor que o elemento representa. **A única cor não permitida na paleta é a cor branca.**",
              "timedOut": null,
              "duration": 267,
              "state": "passed",
              "speed": "slow",
              "pass": true,
              "fail": false,
              "pending": false,
              "context": null,
              "code": "cy.get('.color').each(function (color) {\n  cy.wrap(color).should('have.class', 'color').and('not.have.css', 'background-color', WHITE);\n  cy.wrap(color).should('have.css', 'background-color');\n});",
              "err": {},
              "uuid": "067e0d8c-8ef9-4f6f-acb6-4c3aee50f781",
              "parentUUID": "2a93f9dc-cc0b-41fb-a00f-d1ea82cf56a4",
              "isHook": false,
              "skipped": false
            },
            {
              "title": "Verifica se cada elemento da paleta de cores tem uma borda preta, sólida e com 1 pixel de largura;",
              "fullTitle": "2 - Adicione à página uma paleta de quatro cores distintas. Verifica se cada elemento da paleta de cores tem uma borda preta, sólida e com 1 pixel de largura;",
              "timedOut": null,
              "duration": 286,
              "state": "passed",
              "speed": "slow",
              "pass": true,
              "fail": false,
              "pending": false,
              "context": null,
              "code": "cy.get('.color').each(function (color) {\n  cy.wrap(color).and('have.css', 'border', \"1px solid \".concat(BLACK)).and('have.class', 'color');\n});",
              "err": {},
              "uuid": "efd6b6b5-261d-49cc-9f96-eae9fe7602fd",
              "parentUUID": "2a93f9dc-cc0b-41fb-a00f-d1ea82cf56a4",
              "isHook": false,
              "skipped": false
            },
            {
              "title": "Verifica se a paleta lista todas as cores disponíveis para utilização, lado a lado.",
              "fullTitle": "2 - Adicione à página uma paleta de quatro cores distintas. Verifica se a paleta lista todas as cores disponíveis para utilização, lado a lado.",
              "timedOut": null,
              "duration": 207,
              "state": "passed",
              "speed": "slow",
              "pass": true,
              "fail": false,
              "pending": false,
              "context": null,
              "code": "cy.get('.color').then(function (colors) {\n  for (var index = 1; index < colors.length; index += 1) {\n    var currentColor = colors[index];\n    var previousColor = colors[index - 1];\n    cy.wrap(currentColor).should('be.onTheRightOf', previousColor).and('be.horizontallyAlignedWith', previousColor);\n  }\n});",
              "err": {},
              "uuid": "de060b98-f356-40b0-8453-c3517a10089c",
              "parentUUID": "2a93f9dc-cc0b-41fb-a00f-d1ea82cf56a4",
              "isHook": false,
              "skipped": false
            },
            {
              "title": "Verifica se a paleta de cores está posicionada abaixo do título 'Paleta de Cores'",
              "fullTitle": "2 - Adicione à página uma paleta de quatro cores distintas. Verifica se a paleta de cores está posicionada abaixo do título 'Paleta de Cores'",
              "timedOut": null,
              "duration": 361,
              "state": "passed",
              "speed": "slow",
              "pass": true,
              "fail": false,
              "pending": false,
              "context": null,
              "code": "cy.get('h1#title').then(function (title) {\n  cy.get('#color-palette').should('be.belowOf', title);\n});",
              "err": {},
              "uuid": "fc0ae2d3-0472-4b27-8485-48f33f4d4c7f",
              "parentUUID": "2a93f9dc-cc0b-41fb-a00f-d1ea82cf56a4",
              "isHook": false,
              "skipped": false
            },
            {
              "title": "Verifica se a paleta de cores não contém cores repetidas.",
              "fullTitle": "2 - Adicione à página uma paleta de quatro cores distintas. Verifica se a paleta de cores não contém cores repetidas.",
              "timedOut": null,
              "duration": 153,
              "state": "passed",
              "speed": "slow",
              "pass": true,
              "fail": false,
              "pending": false,
              "context": null,
              "code": "cy.get('.color').then(function (colors) {\n  var allColors = Array.from(colors).map(function (color) {\n    return Cypress.$(color).css('background-color');\n  });\n  cy.log(allColors);\n  var uniqColors = (0, _toConsumableArray2[\"default\"])(new Set(allColors));\n  cy.log(uniqColors);\n  expect(allColors.length).to.eq(uniqColors.length);\n});",
              "err": {},
              "uuid": "7efd8bce-50b4-402e-90c1-ff5acefa3c74",
              "parentUUID": "2a93f9dc-cc0b-41fb-a00f-d1ea82cf56a4",
              "isHook": false,
              "skipped": false
            }
          ],
          "suites": [],
          "passes": [
            "11e68848-8c3b-4f11-823c-9c4647c7c4d5",
            "21c956b5-7a7e-41ff-b117-83c3f0b61c34",
            "067e0d8c-8ef9-4f6f-acb6-4c3aee50f781",
            "efd6b6b5-261d-49cc-9f96-eae9fe7602fd",
            "de060b98-f356-40b0-8453-c3517a10089c",
            "fc0ae2d3-0472-4b27-8485-48f33f4d4c7f",
            "7efd8bce-50b4-402e-90c1-ff5acefa3c74"
          ],
          "failures": [],
          "pending": [],
          "skipped": [],
          "duration": 1650,
          "root": false,
          "rootEmpty": false,
          "_timeout": 2000
        },
        {
          "uuid": "616f73f6-3420-4892-9bbf-bce6d9081e36",
          "title": "3 - Adicione a cor **preta** como a primeira cor da paleta de cores.",
          "fullFile": "",
          "file": "",
          "beforeHooks": [],
          "afterHooks": [],
          "tests": [
            {
              "title": "Verifica se a primeira cor da paleta é preta",
              "fullTitle": "3 - Adicione a cor **preta** como a primeira cor da paleta de cores. Verifica se a primeira cor da paleta é preta",
              "timedOut": null,
              "duration": 183,
              "state": "passed",
              "speed": "slow",
              "pass": true,
              "fail": false,
              "pending": false,
              "context": null,
              "code": "cy.get('.color').first().should('have.css', 'background-color', BLACK);",
              "err": {},
              "uuid": "48367088-3c39-4396-a002-8c34d7b1c133",
              "parentUUID": "616f73f6-3420-4892-9bbf-bce6d9081e36",
              "isHook": false,
              "skipped": false
            },
            {
              "title": "Verifica se as demais cores podem ser escolhidas livremente.",
              "fullTitle": "3 - Adicione a cor **preta** como a primeira cor da paleta de cores. Verifica se as demais cores podem ser escolhidas livremente.",
              "timedOut": null,
              "duration": 839,
              "state": "passed",
              "speed": "slow",
              "pass": true,
              "fail": false,
              "pending": false,
              "context": null,
              "code": "cy.get('.color').eq(1).should('not.have.css', 'background-color', BLACK);\ncy.get('.color').eq(1).should('not.have.css', 'background-color', WHITE);\ncy.get('.color').eq(1).should('not.have.css', 'background-color', 'rgba(0, 0, 0, 0)');\ncy.get('.color').eq(1).should('have.css', 'background-color');\ncy.get('.color').eq(2).should('not.have.css', 'background-color', BLACK);\ncy.get('.color').eq(2).should('not.have.css', 'background-color', WHITE);\ncy.get('.color').eq(2).should('not.have.css', 'background-color', 'rgba(0, 0, 0, 0)');\ncy.get('.color').eq(2).should('have.css', 'background-color');\ncy.get('.color').eq(3).should('not.have.css', 'background-color', BLACK);\ncy.get('.color').eq(3).should('not.have.css', 'background-color', WHITE);\ncy.get('.color').eq(3).should('not.have.css', 'background-color', 'rgba(0, 0, 0, 0)');\ncy.get('.color').eq(3).should('have.css', 'background-color');",
              "err": {},
              "uuid": "fbdcfe3f-9257-4c42-a265-a312741839eb",
              "parentUUID": "616f73f6-3420-4892-9bbf-bce6d9081e36",
              "isHook": false,
              "skipped": false
            }
          ],
          "suites": [],
          "passes": [
            "48367088-3c39-4396-a002-8c34d7b1c133",
            "fbdcfe3f-9257-4c42-a265-a312741839eb"
          ],
          "failures": [],
          "pending": [],
          "skipped": [],
          "duration": 1022,
          "root": false,
          "rootEmpty": false,
          "_timeout": 2000
        },
        {
          "uuid": "40e6aea8-cea0-4560-98e9-04fff7cbcfdc",
          "title": "4 - Adicione à página um quadro de pixels, com 25 pixels.",
          "fullFile": "",
          "file": "",
          "beforeHooks": [],
          "afterHooks": [],
          "tests": [
            {
              "title": "Verifica se o quadro de pixels possui o `id` denominado `pixel-board`",
              "fullTitle": "4 - Adicione à página um quadro de pixels, com 25 pixels. Verifica se o quadro de pixels possui o `id` denominado `pixel-board`",
              "timedOut": null,
              "duration": 242,
              "state": "passed",
              "speed": "slow",
              "pass": true,
              "fail": false,
              "pending": false,
              "context": null,
              "code": "cy.get('#pixel-board').should('be.visible');",
              "err": {},
              "uuid": "168f47e5-6637-4074-ac17-46b0816136c9",
              "parentUUID": "40e6aea8-cea0-4560-98e9-04fff7cbcfdc",
              "isHook": false,
              "skipped": false
            },
            {
              "title": "Verifica se cada pixel individual dentro do quadro possui a `classe` denominada `pixel`.",
              "fullTitle": "4 - Adicione à página um quadro de pixels, com 25 pixels. Verifica se cada pixel individual dentro do quadro possui a `classe` denominada `pixel`.",
              "timedOut": null,
              "duration": 959,
              "state": "passed",
              "speed": "slow",
              "pass": true,
              "fail": false,
              "pending": false,
              "context": null,
              "code": "cy.get('.pixel').should('have.length', 25);",
              "err": {},
              "uuid": "36dc43ee-8fe9-4610-aa3f-e7029f80bef8",
              "parentUUID": "40e6aea8-cea0-4560-98e9-04fff7cbcfdc",
              "isHook": false,
              "skipped": false
            },
            {
              "title": "Verifica se a cor inicial dos pixels dentro do quadro, ao abrir a página, é branca.",
              "fullTitle": "4 - Adicione à página um quadro de pixels, com 25 pixels. Verifica se a cor inicial dos pixels dentro do quadro, ao abrir a página, é branca.",
              "timedOut": null,
              "duration": 832,
              "state": "passed",
              "speed": "slow",
              "pass": true,
              "fail": false,
              "pending": false,
              "context": null,
              "code": "cy.get('.pixel').should('have.length', 25).each(function (pixel) {\n  expect(pixel).to.have.css('background-color', WHITE);\n});",
              "err": {},
              "uuid": "df3be0c5-ddf1-460d-985c-3a68491cb904",
              "parentUUID": "40e6aea8-cea0-4560-98e9-04fff7cbcfdc",
              "isHook": false,
              "skipped": false
            },
            {
              "title": "Verifica se o quadro de pixels aparece abaixo da paleta de cores",
              "fullTitle": "4 - Adicione à página um quadro de pixels, com 25 pixels. Verifica se o quadro de pixels aparece abaixo da paleta de cores",
              "timedOut": null,
              "duration": 675,
              "state": "passed",
              "speed": "slow",
              "pass": true,
              "fail": false,
              "pending": false,
              "context": null,
              "code": "cy.get('#color-palette').then(function (palette) {\n  cy.get('#pixel-board').should('be.belowOf', palette);\n});",
              "err": {},
              "uuid": "fd9217db-45c0-4e47-a8fe-1b24e7e6fba9",
              "parentUUID": "40e6aea8-cea0-4560-98e9-04fff7cbcfdc",
              "isHook": false,
              "skipped": false
            }
          ],
          "suites": [],
          "passes": [
            "168f47e5-6637-4074-ac17-46b0816136c9",
            "36dc43ee-8fe9-4610-aa3f-e7029f80bef8",
            "df3be0c5-ddf1-460d-985c-3a68491cb904",
            "fd9217db-45c0-4e47-a8fe-1b24e7e6fba9"
          ],
          "failures": [],
          "pending": [],
          "skipped": [],
          "duration": 2708,
          "root": false,
          "rootEmpty": false,
          "_timeout": 2000
        },
        {
          "uuid": "bb2f8241-7003-43f0-b680-43087da669d5",
          "title": "5 - Faça com que cada elemento do quadro de pixels possua 40 pixels de largura, 40 pixels de altura e seja delimitado por uma borda preta de 1 pixel.",
          "fullFile": "",
          "file": "",
          "beforeHooks": [],
          "afterHooks": [],
          "tests": [
            {
              "title": "Verifica se o quadro de pixels tem altura e comprimento de 5 elementos",
              "fullTitle": "5 - Faça com que cada elemento do quadro de pixels possua 40 pixels de largura, 40 pixels de altura e seja delimitado por uma borda preta de 1 pixel. Verifica se o quadro de pixels tem altura e comprimento de 5 elementos",
              "timedOut": null,
              "duration": 992,
              "state": "passed",
              "speed": "slow",
              "pass": true,
              "fail": false,
              "pending": false,
              "context": null,
              "code": "cy.get('.pixel').should('have.length', 25).each(function (pixel) {\n  expect(pixel).to.have.css('background-color', WHITE);\n}).and(function (pixels) {\n  var rows = chunk(pixels, 5);\n  rows.forEach(function (row) {\n    for (var index = 1; index < row.length; index += 1) {\n      var current = pixels[index];\n      var previous = pixels[index - 1];\n      cy.wrap(current).should('be.onTheRightOf', previous).and('be.horizontallyAlignedWith', previous);\n    }\n  });\n  for (var index = 1; index < 5; index += 1) {\n    expect(pixels[index * 5]).to.be.belowOf(pixels[(index - 1) * 5]);\n  }\n});",
              "err": {},
              "uuid": "f0809664-bd9f-4449-8cdf-5cdc61994cc2",
              "parentUUID": "bb2f8241-7003-43f0-b680-43087da669d5",
              "isHook": false,
              "skipped": false
            },
            {
              "title": "Verifica se 40 pixels é o tamanho total do elemento, incluindo seu conteúdo e excluindo a borda preta, que deve ser criada à parte.",
              "fullTitle": "5 - Faça com que cada elemento do quadro de pixels possua 40 pixels de largura, 40 pixels de altura e seja delimitado por uma borda preta de 1 pixel. Verifica se 40 pixels é o tamanho total do elemento, incluindo seu conteúdo e excluindo a borda preta, que deve ser criada à parte.",
              "timedOut": null,
              "duration": 1174,
              "state": "passed",
              "speed": "slow",
              "pass": true,
              "fail": false,
              "pending": false,
              "context": null,
              "code": "cy.get('.pixel').each(function (pixel) {\n  cy.wrap(pixel).should('have.css', 'height', '40px').and('have.css', 'width', '40px').and('have.css', 'border', \"1px solid \".concat(BLACK));\n});",
              "err": {},
              "uuid": "5240ffcd-ce0d-41a1-b562-bcfaf03ad8a5",
              "parentUUID": "bb2f8241-7003-43f0-b680-43087da669d5",
              "isHook": false,
              "skipped": false
            }
          ],
          "suites": [],
          "passes": [
            "f0809664-bd9f-4449-8cdf-5cdc61994cc2",
            "5240ffcd-ce0d-41a1-b562-bcfaf03ad8a5"
          ],
          "failures": [],
          "pending": [],
          "skipped": [],
          "duration": 2166,
          "root": false,
          "rootEmpty": false,
          "_timeout": 2000
        },
        {
          "uuid": "8a607379-ab9b-4139-8193-6c1a0a9e3eb5",
          "title": "6 - Defina a cor preta como cor inicial. Ao carregar a página a cor preta já deve estar selecionada para pintar os pixels",
          "fullFile": "",
          "file": "",
          "beforeHooks": [],
          "afterHooks": [],
          "tests": [
            {
              "title": "Verifica se o elemento da cor preta possui, inicialmente, a `classe` `selected`",
              "fullTitle": "6 - Defina a cor preta como cor inicial. Ao carregar a página a cor preta já deve estar selecionada para pintar os pixels Verifica se o elemento da cor preta possui, inicialmente, a `classe` `selected`",
              "timedOut": null,
              "duration": 133,
              "state": "passed",
              "speed": "slow",
              "pass": true,
              "fail": false,
              "pending": false,
              "context": null,
              "code": "cy.get('.selected').first().should('have.css', 'background-color', BLACK);",
              "err": {},
              "uuid": "58e05b0d-a8e9-42c2-974c-e6df92b4254c",
              "parentUUID": "8a607379-ab9b-4139-8193-6c1a0a9e3eb5",
              "isHook": false,
              "skipped": false
            },
            {
              "title": "Verifica se nenhuma outra cor da paleta tem a `classe` `selected`",
              "fullTitle": "6 - Defina a cor preta como cor inicial. Ao carregar a página a cor preta já deve estar selecionada para pintar os pixels Verifica se nenhuma outra cor da paleta tem a `classe` `selected`",
              "timedOut": null,
              "duration": 377,
              "state": "passed",
              "speed": "slow",
              "pass": true,
              "fail": false,
              "pending": false,
              "context": null,
              "code": "cy.get('.color:not(:first-child)').each(function (color) {\n  cy.wrap(color).should('not.have.class', 'selected');\n});",
              "err": {},
              "uuid": "3984fbf3-5437-4acc-b4ef-31bfa36bd7e2",
              "parentUUID": "8a607379-ab9b-4139-8193-6c1a0a9e3eb5",
              "isHook": false,
              "skipped": false
            }
          ],
          "suites": [],
          "passes": [
            "58e05b0d-a8e9-42c2-974c-e6df92b4254c",
            "3984fbf3-5437-4acc-b4ef-31bfa36bd7e2"
          ],
          "failures": [],
          "pending": [],
          "skipped": [],
          "duration": 510,
          "root": false,
          "rootEmpty": false,
          "_timeout": 2000
        },
        {
          "uuid": "ac77c80b-605b-4683-8345-2101179297de",
          "title": "7 - Clicar em uma das cores da paleta, faz com que ela seja selecionada e utilizada para preencher os pixels no quadro.",
          "fullFile": "",
          "file": "",
          "beforeHooks": [],
          "afterHooks": [],
          "tests": [
            {
              "title": "Verifica se somente uma cor da paleta de cores tem a classe `selected` de cada vez",
              "fullTitle": "7 - Clicar em uma das cores da paleta, faz com que ela seja selecionada e utilizada para preencher os pixels no quadro. Verifica se somente uma cor da paleta de cores tem a classe `selected` de cada vez",
              "timedOut": null,
              "duration": 801,
              "state": "passed",
              "speed": "slow",
              "pass": true,
              "fail": false,
              "pending": false,
              "context": null,
              "code": "cy.get('.color').each(function (selectedColor, selectedColorIndex) {\n  cy.wrap(selectedColor).click();\n  cy.get('.color').each(function (color, colorIndex) {\n    if (colorIndex === selectedColorIndex) {\n      expect(color).to.have[\"class\"]('selected');\n    } else {\n      expect(color).not.to.have[\"class\"]('selected');\n    }\n  });\n});",
              "err": {},
              "uuid": "c5ef75e2-b03c-4002-a216-823797507126",
              "parentUUID": "ac77c80b-605b-4683-8345-2101179297de",
              "isHook": false,
              "skipped": false
            },
            {
              "title": "Verifica se os pixels dentro do quadro não têm a classe `selected` quando são clicados",
              "fullTitle": "7 - Clicar em uma das cores da paleta, faz com que ela seja selecionada e utilizada para preencher os pixels no quadro. Verifica se os pixels dentro do quadro não têm a classe `selected` quando são clicados",
              "timedOut": null,
              "duration": 10451,
              "state": "passed",
              "speed": "slow",
              "pass": true,
              "fail": false,
              "pending": false,
              "context": null,
              "code": "cy.get('.color').each(function (color) {\n  var backgroundColor = color.css('background-color');\n  cy.wrap(color).click();\n  cy.get('.pixel').each(function (pixel) {\n    cy.wrap(pixel).click().should('not.have.class', 'selected');\n  });\n});",
              "err": {},
              "uuid": "17451815-37d2-4538-bbf0-ee6dd24445a4",
              "parentUUID": "ac77c80b-605b-4683-8345-2101179297de",
              "isHook": false,
              "skipped": false
            }
          ],
          "suites": [],
          "passes": [
            "c5ef75e2-b03c-4002-a216-823797507126",
            "17451815-37d2-4538-bbf0-ee6dd24445a4"
          ],
          "failures": [],
          "pending": [],
          "skipped": [],
          "duration": 11252,
          "root": false,
          "rootEmpty": false,
          "_timeout": 2000
        },
        {
          "uuid": "b1adcaea-7781-49e4-ace7-74839753ce56",
          "title": "8 - Clicar em um pixel dentro do quadro após selecionar uma cor na paleta, faz com que o pixel seja preenchido com a cor selecionada.",
          "fullFile": "",
          "file": "",
          "beforeHooks": [],
          "afterHooks": [],
          "tests": [
            {
              "title": "Verifica se ao carregar a página deve ser possível pintar os pixels de preto",
              "fullTitle": "8 - Clicar em um pixel dentro do quadro após selecionar uma cor na paleta, faz com que o pixel seja preenchido com a cor selecionada. Verifica se ao carregar a página deve ser possível pintar os pixels de preto",
              "timedOut": null,
              "duration": 3501,
              "state": "passed",
              "speed": "slow",
              "pass": true,
              "fail": false,
              "pending": false,
              "context": null,
              "code": "cy.get('.pixel').each(function (pixel) {\n  cy.wrap(pixel).click().should('have.css', 'background-color', BLACK);\n});",
              "err": {},
              "uuid": "9736d2c6-d6fb-4535-925e-4ea1aa7ee33b",
              "parentUUID": "b1adcaea-7781-49e4-ace7-74839753ce56",
              "isHook": false,
              "skipped": false
            },
            {
              "title": "Verifica se após selecionar uma outra cor na paleta, é possível pintar os pixels com essa cor",
              "fullTitle": "8 - Clicar em um pixel dentro do quadro após selecionar uma cor na paleta, faz com que o pixel seja preenchido com a cor selecionada. Verifica se após selecionar uma outra cor na paleta, é possível pintar os pixels com essa cor",
              "timedOut": null,
              "duration": 9548,
              "state": "passed",
              "speed": "slow",
              "pass": true,
              "fail": false,
              "pending": false,
              "context": null,
              "code": "cy.get('.color').each(function (color) {\n  var backgroundColor = color.css('background-color');\n  cy.wrap(color).click();\n  cy.get('.pixel').each(function (pixel) {\n    cy.wrap(pixel).click().should('have.css', 'background-color', backgroundColor);\n  });\n});",
              "err": {},
              "uuid": "ac942952-755b-4ef6-8d6c-74ff89179c9b",
              "parentUUID": "b1adcaea-7781-49e4-ace7-74839753ce56",
              "isHook": false,
              "skipped": false
            },
            {
              "title": "Verifica se somente o pixel que foi clicado foi preenchido com a cor selecionada, sem influenciar na cor dos demais pixels.",
              "fullTitle": "8 - Clicar em um pixel dentro do quadro após selecionar uma cor na paleta, faz com que o pixel seja preenchido com a cor selecionada. Verifica se somente o pixel que foi clicado foi preenchido com a cor selecionada, sem influenciar na cor dos demais pixels.",
              "timedOut": null,
              "duration": 6227,
              "state": "passed",
              "speed": "slow",
              "pass": true,
              "fail": false,
              "pending": false,
              "context": null,
              "code": "var colorToPixelIndexMap = {\n  0: 6,\n  1: 8,\n  2: 16,\n  3: 18\n};\ncy.get('.color').each(function (color, index) {\n  cy.wrap(color).click();\n  var backgroundColor = color.css('background-color');\n  var clickedPixelIndex = colorToPixelIndexMap[index];\n  cy.get('.pixel').eq(clickedPixelIndex).click();\n  cy.get('.pixel').eq(clickedPixelIndex - 1).should('not.have.css', 'background-color', backgroundColor);\n  cy.get('.pixel').eq(clickedPixelIndex + 1).should('not.have.css', 'background-color', backgroundColor);\n  cy.get('.pixel').eq(clickedPixelIndex - 5).should('not.have.css', 'background-color', backgroundColor);\n  cy.get('.pixel').eq(clickedPixelIndex + 5).should('not.have.css', 'background-color', backgroundColor);\n  cy.get('.pixel').eq(clickedPixelIndex - 6).should('not.have.css', 'background-color', backgroundColor);\n  cy.get('.pixel').eq(clickedPixelIndex - 4).should('not.have.css', 'background-color', backgroundColor);\n  cy.get('.pixel').eq(clickedPixelIndex + 4).should('not.have.css', 'background-color', backgroundColor);\n  cy.get('.pixel').eq(clickedPixelIndex + 6).should('not.have.css', 'background-color', backgroundColor);\n});",
              "err": {},
              "uuid": "f45552bc-30a5-4d6b-91b5-2a31dbb5c468",
              "parentUUID": "b1adcaea-7781-49e4-ace7-74839753ce56",
              "isHook": false,
              "skipped": false
            }
          ],
          "suites": [],
          "passes": [
            "9736d2c6-d6fb-4535-925e-4ea1aa7ee33b",
            "ac942952-755b-4ef6-8d6c-74ff89179c9b",
            "f45552bc-30a5-4d6b-91b5-2a31dbb5c468"
          ],
          "failures": [],
          "pending": [],
          "skipped": [],
          "duration": 19276,
          "root": false,
          "rootEmpty": false,
          "_timeout": 2000
        },
        {
          "uuid": "605e8c13-c10a-4a02-aab2-cc1ab199fc9c",
          "title": "9 - Crie um botão que, ao ser clicado, limpa o quadro preenchendo a cor de todos seus pixels com branco.",
          "fullFile": "",
          "file": "",
          "beforeHooks": [],
          "afterHooks": [],
          "tests": [
            {
              "title": "Verifica se o botão tem o `id` denominado `clear-board`",
              "fullTitle": "9 - Crie um botão que, ao ser clicado, limpa o quadro preenchendo a cor de todos seus pixels com branco. Verifica se o botão tem o `id` denominado `clear-board`",
              "timedOut": null,
              "duration": 761,
              "state": "passed",
              "speed": "slow",
              "pass": true,
              "fail": false,
              "pending": false,
              "context": null,
              "code": "cy.get('#clear-board').should('be.visible');",
              "err": {},
              "uuid": "615d7721-b839-4cd6-90c8-47e774fa5755",
              "parentUUID": "605e8c13-c10a-4a02-aab2-cc1ab199fc9c",
              "isHook": false,
              "skipped": false
            },
            {
              "title": "Verifica se o botão está posicionado entre a paleta de cores e o quadro de pixels",
              "fullTitle": "9 - Crie um botão que, ao ser clicado, limpa o quadro preenchendo a cor de todos seus pixels com branco. Verifica se o botão está posicionado entre a paleta de cores e o quadro de pixels",
              "timedOut": null,
              "duration": 324,
              "state": "passed",
              "speed": "slow",
              "pass": true,
              "fail": false,
              "pending": false,
              "context": null,
              "code": "cy.get('#color-palette').then(function (palette) {\n  cy.get('#clear-board').should('be.belowOf', palette);\n});\ncy.get('#clear-board').then(function (clearBtn) {\n  cy.get('#pixel-board').should('be.belowOf', clearBtn);\n});",
              "err": {},
              "uuid": "b50fd420-419b-4d84-8507-5a31c0ef4bae",
              "parentUUID": "605e8c13-c10a-4a02-aab2-cc1ab199fc9c",
              "isHook": false,
              "skipped": false
            },
            {
              "title": "Verifica se o texto do botão é 'Limpar'",
              "fullTitle": "9 - Crie um botão que, ao ser clicado, limpa o quadro preenchendo a cor de todos seus pixels com branco. Verifica se o texto do botão é 'Limpar'",
              "timedOut": null,
              "duration": 178,
              "state": "passed",
              "speed": "slow",
              "pass": true,
              "fail": false,
              "pending": false,
              "context": null,
              "code": "cy.get('#clear-board').should('contain.text', 'Limpar');",
              "err": {},
              "uuid": "428d0e2c-9e06-452b-816b-d8642fce37c6",
              "parentUUID": "605e8c13-c10a-4a02-aab2-cc1ab199fc9c",
              "isHook": false,
              "skipped": false
            },
            {
              "title": "Verifica se ao clicar no botão, o quadro de pixels é totalmente preenchido de branco",
              "fullTitle": "9 - Crie um botão que, ao ser clicado, limpa o quadro preenchendo a cor de todos seus pixels com branco. Verifica se ao clicar no botão, o quadro de pixels é totalmente preenchido de branco",
              "timedOut": null,
              "duration": 3149,
              "state": "passed",
              "speed": "slow",
              "pass": true,
              "fail": false,
              "pending": false,
              "context": null,
              "code": "cy.get('.color').eq(1).then(function (color) {\n  var backgroundColor = color.css('background-color');\n  cy.wrap(color).click();\n  cy.get('.pixel').each(function (pixel) {\n    cy.wrap(pixel).click().should('have.css', 'background-color', backgroundColor);\n  });\n});\ncy.get('#clear-board').click();\ncy.get('.pixel').each(function (pixel) {\n  cy.wrap(pixel).should('have.css', 'background-color', WHITE);\n});",
              "err": {},
              "uuid": "70bd2cb7-cef5-474d-9496-aa40b6a7cb9d",
              "parentUUID": "605e8c13-c10a-4a02-aab2-cc1ab199fc9c",
              "isHook": false,
              "skipped": false
            }
          ],
          "suites": [],
          "passes": [
            "615d7721-b839-4cd6-90c8-47e774fa5755",
            "b50fd420-419b-4d84-8507-5a31c0ef4bae",
            "428d0e2c-9e06-452b-816b-d8642fce37c6",
            "70bd2cb7-cef5-474d-9496-aa40b6a7cb9d"
          ],
          "failures": [],
          "pending": [],
          "skipped": [],
          "duration": 4412,
          "root": false,
          "rootEmpty": false,
          "_timeout": 2000
        },
        {
          "uuid": "c9e19eb3-ba88-4fb2-847d-3a40279f2d78",
          "title": "10 - Faça o quadro de pixels ter seu tamanho definido pelo usuário.",
          "fullFile": "",
          "file": "",
          "beforeHooks": [],
          "afterHooks": [],
          "tests": [
            {
              "title": "Verifica se existe um input com o id `board-size`",
              "fullTitle": "10 - Faça o quadro de pixels ter seu tamanho definido pelo usuário. Verifica se existe um input com o id `board-size`",
              "timedOut": null,
              "duration": 4975,
              "state": "failed",
              "speed": null,
              "pass": false,
              "fail": true,
              "pending": false,
              "context": null,
              "code": "cy.get('#board-size').should('be.visible');",
              "err": {
                "message": "CypressError: Timed out retrying: Expected to find element: '#board-size', but never found it.",
                "estack": "CypressError: Timed out retrying: Expected to find element: '#board-size', but never found it.\n    at cypressErr (http://localhost:55154/__cypress/runner/cypress_runner.js:149934:9)\n    at throwErr (http://localhost:55154/__cypress/runner/cypress_runner.js:149867:11)\n    at Object.throwErrByPath (http://localhost:55154/__cypress/runner/cypress_runner.js:149915:3)\n    at retry (http://localhost:55154/__cypress/runner/cypress_runner.js:144197:19)\n    at onFailFn (http://localhost:55154/__cypress/runner/cypress_runner.js:132448:16)\n    at tryCatcher (http://localhost:55154/__cypress/runner/cypress_runner.js:167415:23)\n    at Promise._settlePromiseFromHandler (http://localhost:55154/__cypress/runner/cypress_runner.js:165351:31)\n    at Promise._settlePromise (http://localhost:55154/__cypress/runner/cypress_runner.js:165408:18)\n    at Promise._settlePromise0 (http://localhost:55154/__cypress/runner/cypress_runner.js:165453:10)\n    at Promise._settlePromises (http://localhost:55154/__cypress/runner/cypress_runner.js:165528:18)\n    at Async../node_modules/bluebird/js/release/async.js.Async._drainQueue (http://localhost:55154/__cypress/runner/cypress_runner.js:162140:16)\n    at Async../node_modules/bluebird/js/release/async.js.Async._drainQueues (http://localhost:55154/__cypress/runner/cypress_runner.js:162150:10)\n    at Async.drainQueues (http://localhost:55154/__cypress/runner/cypress_runner.js:162024:14)",
                "diff": null
              },
              "uuid": "24dfed02-6ddb-4e12-97a2-20d036c6b600",
              "parentUUID": "c9e19eb3-ba88-4fb2-847d-3a40279f2d78",
              "isHook": false,
              "skipped": false
            },
            {
              "title": "Verifica se existe um botão com o id `generate-board`",
              "fullTitle": "10 - Faça o quadro de pixels ter seu tamanho definido pelo usuário. Verifica se existe um botão com o id `generate-board`",
              "timedOut": null,
              "duration": 4718,
              "state": "failed",
              "speed": null,
              "pass": false,
              "fail": true,
              "pending": false,
              "context": null,
              "code": "cy.get('#generate-board').should('be.visible');",
              "err": {
                "message": "CypressError: Timed out retrying: Expected to find element: '#generate-board', but never found it.",
                "estack": "CypressError: Timed out retrying: Expected to find element: '#generate-board', but never found it.\n    at cypressErr (http://localhost:55154/__cypress/runner/cypress_runner.js:149934:9)\n    at throwErr (http://localhost:55154/__cypress/runner/cypress_runner.js:149867:11)\n    at Object.throwErrByPath (http://localhost:55154/__cypress/runner/cypress_runner.js:149915:3)\n    at retry (http://localhost:55154/__cypress/runner/cypress_runner.js:144197:19)\n    at onFailFn (http://localhost:55154/__cypress/runner/cypress_runner.js:132448:16)\n    at tryCatcher (http://localhost:55154/__cypress/runner/cypress_runner.js:167415:23)\n    at Promise._settlePromiseFromHandler (http://localhost:55154/__cypress/runner/cypress_runner.js:165351:31)\n    at Promise._settlePromise (http://localhost:55154/__cypress/runner/cypress_runner.js:165408:18)\n    at Promise._settlePromise0 (http://localhost:55154/__cypress/runner/cypress_runner.js:165453:10)\n    at Promise._settlePromises (http://localhost:55154/__cypress/runner/cypress_runner.js:165528:18)\n    at Async../node_modules/bluebird/js/release/async.js.Async._drainQueue (http://localhost:55154/__cypress/runner/cypress_runner.js:162140:16)\n    at Async../node_modules/bluebird/js/release/async.js.Async._drainQueues (http://localhost:55154/__cypress/runner/cypress_runner.js:162150:10)\n    at Async.drainQueues (http://localhost:55154/__cypress/runner/cypress_runner.js:162024:14)",
                "diff": null
              },
              "uuid": "9a6a82c9-dc22-408b-9936-8a6bfe93ea6a",
              "parentUUID": "c9e19eb3-ba88-4fb2-847d-3a40279f2d78",
              "isHook": false,
              "skipped": false
            },
            {
              "title": "Verifica se o input só aceita número maiores que zero. Essa restrição deve ser feita usando os atributos do elemento `input`",
              "fullTitle": "10 - Faça o quadro de pixels ter seu tamanho definido pelo usuário. Verifica se o input só aceita número maiores que zero. Essa restrição deve ser feita usando os atributos do elemento `input`",
              "timedOut": null,
              "duration": 4953,
              "state": "failed",
              "speed": null,
              "pass": false,
              "fail": true,
              "pending": false,
              "context": null,
              "code": "cy.get('#board-size[type=\\'number\\'][min=\\'1\\']');",
              "err": {
                "message": "CypressError: Timed out retrying: Expected to find element: '#board-size[type='number'][min='1']', but never found it.",
                "estack": "CypressError: Timed out retrying: Expected to find element: '#board-size[type='number'][min='1']', but never found it.\n    at cypressErr (http://localhost:55154/__cypress/runner/cypress_runner.js:149934:9)\n    at throwErr (http://localhost:55154/__cypress/runner/cypress_runner.js:149867:11)\n    at Object.throwErrByPath (http://localhost:55154/__cypress/runner/cypress_runner.js:149915:3)\n    at retry (http://localhost:55154/__cypress/runner/cypress_runner.js:144197:19)\n    at onFailFn (http://localhost:55154/__cypress/runner/cypress_runner.js:132448:16)\n    at tryCatcher (http://localhost:55154/__cypress/runner/cypress_runner.js:167415:23)\n    at Promise._settlePromiseFromHandler (http://localhost:55154/__cypress/runner/cypress_runner.js:165351:31)\n    at Promise._settlePromise (http://localhost:55154/__cypress/runner/cypress_runner.js:165408:18)\n    at Promise._settlePromise0 (http://localhost:55154/__cypress/runner/cypress_runner.js:165453:10)\n    at Promise._settlePromises (http://localhost:55154/__cypress/runner/cypress_runner.js:165528:18)\n    at Async../node_modules/bluebird/js/release/async.js.Async._drainQueue (http://localhost:55154/__cypress/runner/cypress_runner.js:162140:16)\n    at Async../node_modules/bluebird/js/release/async.js.Async._drainQueues (http://localhost:55154/__cypress/runner/cypress_runner.js:162150:10)\n    at Async.drainQueues (http://localhost:55154/__cypress/runner/cypress_runner.js:162024:14)",
                "diff": null
              },
              "uuid": "587ec9ef-86f1-4c7b-8d83-958ce4f6fa60",
              "parentUUID": "c9e19eb3-ba88-4fb2-847d-3a40279f2d78",
              "isHook": false,
              "skipped": false
            },
            {
              "title": "Verifica se o botão contém o texto 'VQV'",
              "fullTitle": "10 - Faça o quadro de pixels ter seu tamanho definido pelo usuário. Verifica se o botão contém o texto 'VQV'",
              "timedOut": null,
              "duration": 4956,
              "state": "failed",
              "speed": null,
              "pass": false,
              "fail": true,
              "pending": false,
              "context": null,
              "code": "cy.get('#generate-board').contains(/vqv/i);",
              "err": {
                "message": "CypressError: Timed out retrying: Expected to find element: '#generate-board', but never found it.",
                "estack": "CypressError: Timed out retrying: Expected to find element: '#generate-board', but never found it.\n    at cypressErr (http://localhost:55154/__cypress/runner/cypress_runner.js:149934:9)\n    at throwErr (http://localhost:55154/__cypress/runner/cypress_runner.js:149867:11)\n    at Object.throwErrByPath (http://localhost:55154/__cypress/runner/cypress_runner.js:149915:3)\n    at retry (http://localhost:55154/__cypress/runner/cypress_runner.js:144197:19)\n    at onFailFn (http://localhost:55154/__cypress/runner/cypress_runner.js:132448:16)\n    at tryCatcher (http://localhost:55154/__cypress/runner/cypress_runner.js:167415:23)\n    at Promise._settlePromiseFromHandler (http://localhost:55154/__cypress/runner/cypress_runner.js:165351:31)\n    at Promise._settlePromise (http://localhost:55154/__cypress/runner/cypress_runner.js:165408:18)\n    at Promise._settlePromise0 (http://localhost:55154/__cypress/runner/cypress_runner.js:165453:10)\n    at Promise._settlePromises (http://localhost:55154/__cypress/runner/cypress_runner.js:165528:18)\n    at Async../node_modules/bluebird/js/release/async.js.Async._drainQueue (http://localhost:55154/__cypress/runner/cypress_runner.js:162140:16)\n    at Async../node_modules/bluebird/js/release/async.js.Async._drainQueues (http://localhost:55154/__cypress/runner/cypress_runner.js:162150:10)\n    at Async.drainQueues (http://localhost:55154/__cypress/runner/cypress_runner.js:162024:14)",
                "diff": null
              },
              "uuid": "8cc2e63a-1a1f-4b6a-96a2-ba4bcf14f192",
              "parentUUID": "c9e19eb3-ba88-4fb2-847d-3a40279f2d78",
              "isHook": false,
              "skipped": false
            },
            {
              "title": "Verifica se o input está posicionado entre a paleta de cores e o quadro de pixels",
              "fullTitle": "10 - Faça o quadro de pixels ter seu tamanho definido pelo usuário. Verifica se o input está posicionado entre a paleta de cores e o quadro de pixels",
              "timedOut": null,
              "duration": 4784,
              "state": "failed",
              "speed": null,
              "pass": false,
              "fail": true,
              "pending": false,
              "context": null,
              "code": "cy.get('#color-palette').then(function (palette) {\n  cy.get('#board-size').should('be.belowOf', palette);\n});\ncy.get('#board-size').then(function (palette) {\n  cy.get('#pixel-board').should('be.belowOf', palette);\n});",
              "err": {
                "message": "CypressError: Timed out retrying: Expected to find element: '#board-size', but never found it.",
                "estack": "CypressError: Timed out retrying: Expected to find element: '#board-size', but never found it.\n    at cypressErr (http://localhost:55154/__cypress/runner/cypress_runner.js:149934:9)\n    at throwErr (http://localhost:55154/__cypress/runner/cypress_runner.js:149867:11)\n    at Object.throwErrByPath (http://localhost:55154/__cypress/runner/cypress_runner.js:149915:3)\n    at retry (http://localhost:55154/__cypress/runner/cypress_runner.js:144197:19)\n    at onFailFn (http://localhost:55154/__cypress/runner/cypress_runner.js:132448:16)\n    at tryCatcher (http://localhost:55154/__cypress/runner/cypress_runner.js:167415:23)\n    at Promise._settlePromiseFromHandler (http://localhost:55154/__cypress/runner/cypress_runner.js:165351:31)\n    at Promise._settlePromise (http://localhost:55154/__cypress/runner/cypress_runner.js:165408:18)\n    at Promise._settlePromise0 (http://localhost:55154/__cypress/runner/cypress_runner.js:165453:10)\n    at Promise._settlePromises (http://localhost:55154/__cypress/runner/cypress_runner.js:165528:18)\n    at Async../node_modules/bluebird/js/release/async.js.Async._drainQueue (http://localhost:55154/__cypress/runner/cypress_runner.js:162140:16)\n    at Async../node_modules/bluebird/js/release/async.js.Async._drainQueues (http://localhost:55154/__cypress/runner/cypress_runner.js:162150:10)\n    at Async.drainQueues (http://localhost:55154/__cypress/runner/cypress_runner.js:162024:14)",
                "diff": null
              },
              "uuid": "d5b33350-a5a0-4c71-8bd7-8c48ea54e98f",
              "parentUUID": "c9e19eb3-ba88-4fb2-847d-3a40279f2d78",
              "isHook": false,
              "skipped": false
            },
            {
              "title": "Verifica se o botão está posicionado ao lado do input",
              "fullTitle": "10 - Faça o quadro de pixels ter seu tamanho definido pelo usuário. Verifica se o botão está posicionado ao lado do input",
              "timedOut": null,
              "duration": 4620,
              "state": "failed",
              "speed": null,
              "pass": false,
              "fail": true,
              "pending": false,
              "context": null,
              "code": "cy.get('#board-size').then(function (board) {\n  cy.get('#generate-board').should('be.onTheRightOf', board);\n});",
              "err": {
                "message": "CypressError: Timed out retrying: Expected to find element: '#board-size', but never found it.",
                "estack": "CypressError: Timed out retrying: Expected to find element: '#board-size', but never found it.\n    at cypressErr (http://localhost:55154/__cypress/runner/cypress_runner.js:149934:9)\n    at throwErr (http://localhost:55154/__cypress/runner/cypress_runner.js:149867:11)\n    at Object.throwErrByPath (http://localhost:55154/__cypress/runner/cypress_runner.js:149915:3)\n    at retry (http://localhost:55154/__cypress/runner/cypress_runner.js:144197:19)\n    at onFailFn (http://localhost:55154/__cypress/runner/cypress_runner.js:132448:16)\n    at tryCatcher (http://localhost:55154/__cypress/runner/cypress_runner.js:167415:23)\n    at Promise._settlePromiseFromHandler (http://localhost:55154/__cypress/runner/cypress_runner.js:165351:31)\n    at Promise._settlePromise (http://localhost:55154/__cypress/runner/cypress_runner.js:165408:18)\n    at Promise._settlePromise0 (http://localhost:55154/__cypress/runner/cypress_runner.js:165453:10)\n    at Promise._settlePromises (http://localhost:55154/__cypress/runner/cypress_runner.js:165528:18)\n    at Async../node_modules/bluebird/js/release/async.js.Async._drainQueue (http://localhost:55154/__cypress/runner/cypress_runner.js:162140:16)\n    at Async../node_modules/bluebird/js/release/async.js.Async._drainQueues (http://localhost:55154/__cypress/runner/cypress_runner.js:162150:10)\n    at Async.drainQueues (http://localhost:55154/__cypress/runner/cypress_runner.js:162024:14)",
                "diff": null
              },
              "uuid": "f2df80ed-0355-439d-b069-d68701057d65",
              "parentUUID": "c9e19eb3-ba88-4fb2-847d-3a40279f2d78",
              "isHook": false,
              "skipped": false
            },
            {
              "title": "Verifica se nenhum valor for colocado no input ao clicar no botão, um `alert` é exibido com o texto: 'Board inválido!'",
              "fullTitle": "10 - Faça o quadro de pixels ter seu tamanho definido pelo usuário. Verifica se nenhum valor for colocado no input ao clicar no botão, um `alert` é exibido com o texto: 'Board inválido!'",
              "timedOut": null,
              "duration": 4672,
              "state": "failed",
              "speed": null,
              "pass": false,
              "fail": true,
              "pending": false,
              "context": null,
              "code": "var alerted = false;\ncy.on('window:alert', function (msg) {\n  return alerted = msg;\n});\ncy.get('#generate-board').click().then(function () {\n  return expect(alerted).to.match(/Board inválido!/i);\n});",
              "err": {
                "message": "CypressError: Timed out retrying: Expected to find element: '#generate-board', but never found it.",
                "estack": "CypressError: Timed out retrying: Expected to find element: '#generate-board', but never found it.\n    at cypressErr (http://localhost:55154/__cypress/runner/cypress_runner.js:149934:9)\n    at throwErr (http://localhost:55154/__cypress/runner/cypress_runner.js:149867:11)\n    at Object.throwErrByPath (http://localhost:55154/__cypress/runner/cypress_runner.js:149915:3)\n    at retry (http://localhost:55154/__cypress/runner/cypress_runner.js:144197:19)\n    at onFailFn (http://localhost:55154/__cypress/runner/cypress_runner.js:132448:16)\n    at tryCatcher (http://localhost:55154/__cypress/runner/cypress_runner.js:167415:23)\n    at Promise._settlePromiseFromHandler (http://localhost:55154/__cypress/runner/cypress_runner.js:165351:31)\n    at Promise._settlePromise (http://localhost:55154/__cypress/runner/cypress_runner.js:165408:18)\n    at Promise._settlePromise0 (http://localhost:55154/__cypress/runner/cypress_runner.js:165453:10)\n    at Promise._settlePromises (http://localhost:55154/__cypress/runner/cypress_runner.js:165528:18)\n    at Async../node_modules/bluebird/js/release/async.js.Async._drainQueue (http://localhost:55154/__cypress/runner/cypress_runner.js:162140:16)\n    at Async../node_modules/bluebird/js/release/async.js.Async._drainQueues (http://localhost:55154/__cypress/runner/cypress_runner.js:162150:10)\n    at Async.drainQueues (http://localhost:55154/__cypress/runner/cypress_runner.js:162024:14)",
                "diff": null
              },
              "uuid": "9c1061ee-df94-46df-a3f6-4b1bf3680e28",
              "parentUUID": "c9e19eb3-ba88-4fb2-847d-3a40279f2d78",
              "isHook": false,
              "skipped": false
            },
            {
              "title": "Verifica se ao clicar no botão com um valor preenchido, o tamanho do board muda.",
              "fullTitle": "10 - Faça o quadro de pixels ter seu tamanho definido pelo usuário. Verifica se ao clicar no botão com um valor preenchido, o tamanho do board muda.",
              "timedOut": null,
              "duration": 5333,
              "state": "failed",
              "speed": null,
              "pass": false,
              "fail": true,
              "pending": false,
              "context": null,
              "code": "cy.get('#board-size').clear().type(10);\ncy.get('#generate-board').click();\ncy.get('.pixel').should('have.length', 100);",
              "err": {
                "message": "CypressError: Timed out retrying: Expected to find element: '#board-size', but never found it.",
                "estack": "CypressError: Timed out retrying: Expected to find element: '#board-size', but never found it.\n    at cypressErr (http://localhost:55154/__cypress/runner/cypress_runner.js:149934:9)\n    at throwErr (http://localhost:55154/__cypress/runner/cypress_runner.js:149867:11)\n    at Object.throwErrByPath (http://localhost:55154/__cypress/runner/cypress_runner.js:149915:3)\n    at retry (http://localhost:55154/__cypress/runner/cypress_runner.js:144197:19)\n    at onFailFn (http://localhost:55154/__cypress/runner/cypress_runner.js:132448:16)\n    at tryCatcher (http://localhost:55154/__cypress/runner/cypress_runner.js:167415:23)\n    at Promise._settlePromiseFromHandler (http://localhost:55154/__cypress/runner/cypress_runner.js:165351:31)\n    at Promise._settlePromise (http://localhost:55154/__cypress/runner/cypress_runner.js:165408:18)\n    at Promise._settlePromise0 (http://localhost:55154/__cypress/runner/cypress_runner.js:165453:10)\n    at Promise._settlePromises (http://localhost:55154/__cypress/runner/cypress_runner.js:165528:18)\n    at Async../node_modules/bluebird/js/release/async.js.Async._drainQueue (http://localhost:55154/__cypress/runner/cypress_runner.js:162140:16)\n    at Async../node_modules/bluebird/js/release/async.js.Async._drainQueues (http://localhost:55154/__cypress/runner/cypress_runner.js:162150:10)\n    at Async.drainQueues (http://localhost:55154/__cypress/runner/cypress_runner.js:162024:14)",
                "diff": null
              },
              "uuid": "4f6bd889-5c2e-4850-b193-6ec8731c57a0",
              "parentUUID": "c9e19eb3-ba88-4fb2-847d-3a40279f2d78",
              "isHook": false,
              "skipped": false
            },
            {
              "title": "Verifica se o novo quadro tem todos os pixels preenchidos com a cor branca",
              "fullTitle": "10 - Faça o quadro de pixels ter seu tamanho definido pelo usuário. Verifica se o novo quadro tem todos os pixels preenchidos com a cor branca",
              "timedOut": null,
              "duration": 5347,
              "state": "failed",
              "speed": null,
              "pass": false,
              "fail": true,
              "pending": false,
              "context": null,
              "code": "cy.get('#board-size').clear().type(6);\ncy.get('#generate-board').click();\ncy.get('.pixel').should('have.length', 36).each(function (pixel) {\n  expect(pixel).to.have.css('background-color', WHITE);\n});",
              "err": {
                "message": "CypressError: Timed out retrying: Expected to find element: '#board-size', but never found it.",
                "estack": "CypressError: Timed out retrying: Expected to find element: '#board-size', but never found it.\n    at cypressErr (http://localhost:55154/__cypress/runner/cypress_runner.js:149934:9)\n    at throwErr (http://localhost:55154/__cypress/runner/cypress_runner.js:149867:11)\n    at Object.throwErrByPath (http://localhost:55154/__cypress/runner/cypress_runner.js:149915:3)\n    at retry (http://localhost:55154/__cypress/runner/cypress_runner.js:144197:19)\n    at onFailFn (http://localhost:55154/__cypress/runner/cypress_runner.js:132448:16)\n    at tryCatcher (http://localhost:55154/__cypress/runner/cypress_runner.js:167415:23)\n    at Promise._settlePromiseFromHandler (http://localhost:55154/__cypress/runner/cypress_runner.js:165351:31)\n    at Promise._settlePromise (http://localhost:55154/__cypress/runner/cypress_runner.js:165408:18)\n    at Promise._settlePromise0 (http://localhost:55154/__cypress/runner/cypress_runner.js:165453:10)\n    at Promise._settlePromises (http://localhost:55154/__cypress/runner/cypress_runner.js:165528:18)\n    at Async../node_modules/bluebird/js/release/async.js.Async._drainQueue (http://localhost:55154/__cypress/runner/cypress_runner.js:162140:16)\n    at Async../node_modules/bluebird/js/release/async.js.Async._drainQueues (http://localhost:55154/__cypress/runner/cypress_runner.js:162150:10)\n    at Async.drainQueues (http://localhost:55154/__cypress/runner/cypress_runner.js:162024:14)",
                "diff": null
              },
              "uuid": "a65c1669-e5df-48c2-913b-788533416a89",
              "parentUUID": "c9e19eb3-ba88-4fb2-847d-3a40279f2d78",
              "isHook": false,
              "skipped": false
            }
          ],
          "suites": [],
          "passes": [],
          "failures": [
            "24dfed02-6ddb-4e12-97a2-20d036c6b600",
            "9a6a82c9-dc22-408b-9936-8a6bfe93ea6a",
            "587ec9ef-86f1-4c7b-8d83-958ce4f6fa60",
            "8cc2e63a-1a1f-4b6a-96a2-ba4bcf14f192",
            "d5b33350-a5a0-4c71-8bd7-8c48ea54e98f",
            "f2df80ed-0355-439d-b069-d68701057d65",
            "9c1061ee-df94-46df-a3f6-4b1bf3680e28",
            "4f6bd889-5c2e-4850-b193-6ec8731c57a0",
            "a65c1669-e5df-48c2-913b-788533416a89"
          ],
          "pending": [],
          "skipped": [],
          "duration": 44358,
          "root": false,
          "rootEmpty": false,
          "_timeout": 2000
        },
        {
          "uuid": "8d9c7a76-cd24-4578-ac21-038af775b9a2",
          "title": "11 - Limite o tamanho mínimo e máximo do board.",
          "fullFile": "",
          "file": "",
          "beforeHooks": [],
          "afterHooks": [],
          "tests": [
            {
              "title": "Verifica se a altura máxima do board é 50",
              "fullTitle": "11 - Limite o tamanho mínimo e máximo do board. Verifica se a altura máxima do board é 50",
              "timedOut": null,
              "duration": 4914,
              "state": "failed",
              "speed": null,
              "pass": false,
              "fail": true,
              "pending": false,
              "context": null,
              "code": "cy.get('#board-size').clear().type(50);\ncy.get('#generate-board').click();\ncy.get('.pixel').should('have.length', 2500);",
              "err": {
                "message": "CypressError: Timed out retrying: Expected to find element: '#board-size', but never found it.",
                "estack": "CypressError: Timed out retrying: Expected to find element: '#board-size', but never found it.\n    at cypressErr (http://localhost:55154/__cypress/runner/cypress_runner.js:149934:9)\n    at throwErr (http://localhost:55154/__cypress/runner/cypress_runner.js:149867:11)\n    at Object.throwErrByPath (http://localhost:55154/__cypress/runner/cypress_runner.js:149915:3)\n    at retry (http://localhost:55154/__cypress/runner/cypress_runner.js:144197:19)\n    at onFailFn (http://localhost:55154/__cypress/runner/cypress_runner.js:132448:16)\n    at tryCatcher (http://localhost:55154/__cypress/runner/cypress_runner.js:167415:23)\n    at Promise._settlePromiseFromHandler (http://localhost:55154/__cypress/runner/cypress_runner.js:165351:31)\n    at Promise._settlePromise (http://localhost:55154/__cypress/runner/cypress_runner.js:165408:18)\n    at Promise._settlePromise0 (http://localhost:55154/__cypress/runner/cypress_runner.js:165453:10)\n    at Promise._settlePromises (http://localhost:55154/__cypress/runner/cypress_runner.js:165528:18)\n    at Async../node_modules/bluebird/js/release/async.js.Async._drainQueue (http://localhost:55154/__cypress/runner/cypress_runner.js:162140:16)\n    at Async../node_modules/bluebird/js/release/async.js.Async._drainQueues (http://localhost:55154/__cypress/runner/cypress_runner.js:162150:10)\n    at Async.drainQueues (http://localhost:55154/__cypress/runner/cypress_runner.js:162024:14)",
                "diff": null
              },
              "uuid": "d19a46a7-8d01-4fad-a1d9-bd42150f34fa",
              "parentUUID": "8d9c7a76-cd24-4578-ac21-038af775b9a2",
              "isHook": false,
              "skipped": false
            },
            {
              "title": "Verifica se a altura do board é 5 quando um valor menor é colocado no input",
              "fullTitle": "11 - Limite o tamanho mínimo e máximo do board. Verifica se a altura do board é 5 quando um valor menor é colocado no input",
              "timedOut": null,
              "duration": 4682,
              "state": "failed",
              "speed": null,
              "pass": false,
              "fail": true,
              "pending": false,
              "context": null,
              "code": "cy.get('#board-size').clear().type(4);\ncy.get('#generate-board').click();\ncy.get('.pixel').should('have.length', 25);",
              "err": {
                "message": "CypressError: Timed out retrying: Expected to find element: '#board-size', but never found it.",
                "estack": "CypressError: Timed out retrying: Expected to find element: '#board-size', but never found it.\n    at cypressErr (http://localhost:55154/__cypress/runner/cypress_runner.js:149934:9)\n    at throwErr (http://localhost:55154/__cypress/runner/cypress_runner.js:149867:11)\n    at Object.throwErrByPath (http://localhost:55154/__cypress/runner/cypress_runner.js:149915:3)\n    at retry (http://localhost:55154/__cypress/runner/cypress_runner.js:144197:19)\n    at onFailFn (http://localhost:55154/__cypress/runner/cypress_runner.js:132448:16)\n    at tryCatcher (http://localhost:55154/__cypress/runner/cypress_runner.js:167415:23)\n    at Promise._settlePromiseFromHandler (http://localhost:55154/__cypress/runner/cypress_runner.js:165351:31)\n    at Promise._settlePromise (http://localhost:55154/__cypress/runner/cypress_runner.js:165408:18)\n    at Promise._settlePromise0 (http://localhost:55154/__cypress/runner/cypress_runner.js:165453:10)\n    at Promise._settlePromises (http://localhost:55154/__cypress/runner/cypress_runner.js:165528:18)\n    at Async../node_modules/bluebird/js/release/async.js.Async._drainQueue (http://localhost:55154/__cypress/runner/cypress_runner.js:162140:16)\n    at Async../node_modules/bluebird/js/release/async.js.Async._drainQueues (http://localhost:55154/__cypress/runner/cypress_runner.js:162150:10)\n    at Async.drainQueues (http://localhost:55154/__cypress/runner/cypress_runner.js:162024:14)",
                "diff": null
              },
              "uuid": "bde4f083-2c67-4e61-921b-557d3abc4b73",
              "parentUUID": "8d9c7a76-cd24-4578-ac21-038af775b9a2",
              "isHook": false,
              "skipped": false
            },
            {
              "title": "Verifica se a altura do board é 50 quando um valor maior é colocado no input",
              "fullTitle": "11 - Limite o tamanho mínimo e máximo do board. Verifica se a altura do board é 50 quando um valor maior é colocado no input",
              "timedOut": null,
              "duration": 4715,
              "state": "failed",
              "speed": null,
              "pass": false,
              "fail": true,
              "pending": false,
              "context": null,
              "code": "cy.get('#board-size').clear().type(51);\ncy.get('#generate-board').click();\ncy.get('.pixel').should('have.length', 2500);",
              "err": {
                "message": "CypressError: Timed out retrying: Expected to find element: '#board-size', but never found it.",
                "estack": "CypressError: Timed out retrying: Expected to find element: '#board-size', but never found it.\n    at cypressErr (http://localhost:55154/__cypress/runner/cypress_runner.js:149934:9)\n    at throwErr (http://localhost:55154/__cypress/runner/cypress_runner.js:149867:11)\n    at Object.throwErrByPath (http://localhost:55154/__cypress/runner/cypress_runner.js:149915:3)\n    at retry (http://localhost:55154/__cypress/runner/cypress_runner.js:144197:19)\n    at onFailFn (http://localhost:55154/__cypress/runner/cypress_runner.js:132448:16)\n    at tryCatcher (http://localhost:55154/__cypress/runner/cypress_runner.js:167415:23)\n    at Promise._settlePromiseFromHandler (http://localhost:55154/__cypress/runner/cypress_runner.js:165351:31)\n    at Promise._settlePromise (http://localhost:55154/__cypress/runner/cypress_runner.js:165408:18)\n    at Promise._settlePromise0 (http://localhost:55154/__cypress/runner/cypress_runner.js:165453:10)\n    at Promise._settlePromises (http://localhost:55154/__cypress/runner/cypress_runner.js:165528:18)\n    at Async../node_modules/bluebird/js/release/async.js.Async._drainQueue (http://localhost:55154/__cypress/runner/cypress_runner.js:162140:16)\n    at Async../node_modules/bluebird/js/release/async.js.Async._drainQueues (http://localhost:55154/__cypress/runner/cypress_runner.js:162150:10)\n    at Async.drainQueues (http://localhost:55154/__cypress/runner/cypress_runner.js:162024:14)",
                "diff": null
              },
              "uuid": "8d2b5e5b-7cfa-4dcd-a8ff-a5f21e7994bb",
              "parentUUID": "8d9c7a76-cd24-4578-ac21-038af775b9a2",
              "isHook": false,
              "skipped": false
            }
          ],
          "suites": [],
          "passes": [],
          "failures": [
            "d19a46a7-8d01-4fad-a1d9-bd42150f34fa",
            "bde4f083-2c67-4e61-921b-557d3abc4b73",
            "8d2b5e5b-7cfa-4dcd-a8ff-a5f21e7994bb"
          ],
          "pending": [],
          "skipped": [],
          "duration": 14311,
          "root": false,
          "rootEmpty": false,
          "_timeout": 2000
        },
        {
          "uuid": "e9a20533-4392-4d82-812c-9766a7a05983",
          "title": "12 - Faça com que as cores da paleta sejam geradas aleatoriamente ao carregar a página.",
          "fullFile": "",
          "file": "",
          "beforeHooks": [],
          "afterHooks": [],
          "tests": [
            {
              "title": "Verifica se as cores geradas na paleta são diferentes a cada carregamento da página",
              "fullTitle": "12 - Faça com que as cores da paleta sejam geradas aleatoriamente ao carregar a página. Verifica se as cores geradas na paleta são diferentes a cada carregamento da página",
              "timedOut": null,
              "duration": 723,
              "state": "failed",
              "speed": null,
              "pass": false,
              "fail": true,
              "pending": false,
              "context": null,
              "code": "cy.get('.color').then(function (colors) {\n  var currentColors;\n  var previousColors;\n  previousColors = Array.from(colors).map(function (color) {\n    return Cypress.$(color).css('background-color');\n  });\n  for (var i = 0; i < 5; i += 1) {\n    cy.reload();\n    cy.get('.color').then(function (colors) {\n      currentColors = Array.from(colors).map(function (color) {\n        return Cypress.$(color).css('background-color');\n      });\n      expect(currentColors).not.to.deep.equal(previousColors);\n      previousColors = currentColors;\n    });\n  }\n});",
              "err": {
                "message": "AssertionError: expected [ Array(4) ] to not deeply equal [ Array(4) ]",
                "estack": "AssertionError: expected [ Array(4) ] to not deeply equal [ Array(4) ]\n    at getRet (http://localhost:55154/__cypress/runner/cypress_runner.js:136585:16)\n    at tryCatcher (http://localhost:55154/__cypress/runner/cypress_runner.js:167415:23)\n    at Function.Promise.attempt.Promise.try (http://localhost:55154/__cypress/runner/cypress_runner.js:164690:29)\n    at Context.thenFn (http://localhost:55154/__cypress/runner/cypress_runner.js:136599:23)\n    at Context.then (http://localhost:55154/__cypress/runner/cypress_runner.js:136971:21)\n    at Context.<anonymous> (http://localhost:55154/__cypress/runner/cypress_runner.js:148875:21)\n    at http://localhost:55154/__cypress/runner/cypress_runner.js:148351:33\n    at tryCatcher (http://localhost:55154/__cypress/runner/cypress_runner.js:167415:23)\n    at Promise._settlePromiseFromHandler (http://localhost:55154/__cypress/runner/cypress_runner.js:165351:31)\n    at Promise._settlePromise (http://localhost:55154/__cypress/runner/cypress_runner.js:165408:18)\n    at Promise._settlePromiseCtx (http://localhost:55154/__cypress/runner/cypress_runner.js:165445:10)\n    at Async../node_modules/bluebird/js/release/async.js.Async._drainQueue (http://localhost:55154/__cypress/runner/cypress_runner.js:162145:12)\n    at Async../node_modules/bluebird/js/release/async.js.Async._drainQueues (http://localhost:55154/__cypress/runner/cypress_runner.js:162150:10)\n    at Async.drainQueues (http://localhost:55154/__cypress/runner/cypress_runner.js:162024:14)",
                "diff": ""
              },
              "uuid": "4999f433-6b71-4b22-ad12-92e9c9160d6f",
              "parentUUID": "e9a20533-4392-4d82-812c-9766a7a05983",
              "isHook": false,
              "skipped": false
            },
            {
              "title": "Verifica se a cor preta ainda está presente e é a primeira na sua paleta de cores",
              "fullTitle": "12 - Faça com que as cores da paleta sejam geradas aleatoriamente ao carregar a página. Verifica se a cor preta ainda está presente e é a primeira na sua paleta de cores",
              "timedOut": null,
              "duration": 761,
              "state": "failed",
              "speed": null,
              "pass": false,
              "fail": true,
              "pending": false,
              "context": null,
              "code": "cy.get('.color').then(function (colors) {\n  var currentColors;\n  var previousColors;\n  previousColors = Array.from(colors).map(function (color) {\n    return Cypress.$(color).css('background-color');\n  });\n  expect(previousColors[0]).to.eq(BLACK);\n  for (var i = 0; i < 5; i += 1) {\n    cy.reload();\n    cy.get('.color').then(function (colors) {\n      currentColors = Array.from(colors).map(function (color) {\n        return Cypress.$(color).css('background-color');\n      });\n      expect(currentColors[0]).to.eq(BLACK);\n      expect(currentColors).not.to.deep.equal(previousColors);\n      previousColors = currentColors;\n    });\n  }\n});",
              "err": {
                "message": "AssertionError: expected [ Array(4) ] to not deeply equal [ Array(4) ]",
                "estack": "AssertionError: expected [ Array(4) ] to not deeply equal [ Array(4) ]\n    at getRet (http://localhost:55154/__cypress/runner/cypress_runner.js:136585:16)\n    at tryCatcher (http://localhost:55154/__cypress/runner/cypress_runner.js:167415:23)\n    at Function.Promise.attempt.Promise.try (http://localhost:55154/__cypress/runner/cypress_runner.js:164690:29)\n    at Context.thenFn (http://localhost:55154/__cypress/runner/cypress_runner.js:136599:23)\n    at Context.then (http://localhost:55154/__cypress/runner/cypress_runner.js:136971:21)\n    at Context.<anonymous> (http://localhost:55154/__cypress/runner/cypress_runner.js:148875:21)\n    at http://localhost:55154/__cypress/runner/cypress_runner.js:148351:33\n    at tryCatcher (http://localhost:55154/__cypress/runner/cypress_runner.js:167415:23)\n    at Promise._settlePromiseFromHandler (http://localhost:55154/__cypress/runner/cypress_runner.js:165351:31)\n    at Promise._settlePromise (http://localhost:55154/__cypress/runner/cypress_runner.js:165408:18)\n    at Promise._settlePromiseCtx (http://localhost:55154/__cypress/runner/cypress_runner.js:165445:10)\n    at Async../node_modules/bluebird/js/release/async.js.Async._drainQueue (http://localhost:55154/__cypress/runner/cypress_runner.js:162145:12)\n    at Async../node_modules/bluebird/js/release/async.js.Async._drainQueues (http://localhost:55154/__cypress/runner/cypress_runner.js:162150:10)\n    at Async.drainQueues (http://localhost:55154/__cypress/runner/cypress_runner.js:162024:14)",
                "diff": ""
              },
              "uuid": "229f7ddb-8278-4b56-a7e9-c2904ca8c3b2",
              "parentUUID": "e9a20533-4392-4d82-812c-9766a7a05983",
              "isHook": false,
              "skipped": false
            }
          ],
          "suites": [],
          "passes": [],
          "failures": [
            "4999f433-6b71-4b22-ad12-92e9c9160d6f",
            "229f7ddb-8278-4b56-a7e9-c2904ca8c3b2"
          ],
          "pending": [],
          "skipped": [],
          "duration": 1484,
          "root": false,
          "rootEmpty": false,
          "_timeout": 2000
        }
      ],
      "passes": [],
      "failures": [],
      "pending": [],
      "skipped": [],
      "duration": 0,
      "root": true,
      "rootEmpty": true,
      "_timeout": 2000
    }
  ],
  "meta": {
    "mocha": {
      "version": "7.0.1"
    },
    "mochawesome": {
      "options": {
        "quiet": false,
        "reportFilename": "mochawesome",
        "saveHtml": false,
        "saveJson": true,
        "consoleReporter": "spec",
        "useInlineDiffs": false
      },
      "version": "4.1.0"
    },
    "marge": {
      "options": {
        "id": "default",
        "reportDir": "cypress/reports",
        "overwrite": true,
        "html": false,
        "json": true
      },
      "version": "4.1.0"
    }
  }
}